<?xml version="1.0" encoding="UTF-8"?><testsuite errors="0" failures="1" name="Ingresar en la página" skipped="0" tests="1" time="25.94" timestamp="2022-04-21 03:48:05"><testcase name="Login exitoso Google"><failure message="Expected enabled element was not enabled" type="net.thucydides.core.webdriver.exceptions.ElementShouldBeEnabledException">Expected enabled element was not enabled</failure><system-err>Expected enabled element was not enabled&#13;
stepsdefinitions.LoginStepDefinitions.ingresa_diligencia_toda_la_informacion(LoginStepDefinitions.java:37)&#13;
cucumber.runner.Runner.runPickle(Runner.java:80)&#13;
</system-err></testcase></testsuite>